<?xml version="1.0" encoding="utf-8"?><testsuites name="pytest tests"><testsuite name="pytest" errors="0" failures="0" skipped="0" tests="6" time="2.250" timestamp="2026-04-21T07:10:03.343355+00:00" hostname="agent-env-ed7b6466-6c42-4bca-a9a9-55298ca4a5cf"><testcase classname="backend.tests.test_delta_v3" name="test_employee_can_void_bill" time="0.628" /><testcase classname="backend.tests.test_delta_v3" name="test_owner_can_still_void_bill" time="0.489" /><testcase classname="backend.tests.test_delta_v3" name="test_unauthenticated_void_rejected" time="0.563" /><testcase classname="backend.tests.test_delta_v3" name="test_double_void_returns_400" time="0.181" /><testcase classname="backend.tests.test_delta_v3" name="test_bills_list_accessible_by_employee" time="0.044" /><testcase classname="backend.tests.test_delta_v3" name="test_void_restores_inventory" time="0.234" /></testsuite></testsuites>