<?xml version="1.0" encoding="utf-8"?><testsuites name="pytest tests"><testsuite name="pytest" errors="0" failures="2" skipped="1" tests="16" time="3.572" timestamp="2026-04-20T19:49:29.028986+00:00" hostname="agent-env-ed7b6466-6c42-4bca-a9a9-55298ca4a5cf"><testcase classname="backend.tests.test_deja_brew.TestAuth" name="test_login_success" time="0.477" /><testcase classname="backend.tests.test_deja_brew.TestAuth" name="test_login_invalid" time="0.371" /><testcase classname="backend.tests.test_deja_brew.TestAuth" name="test_me_endpoint" time="0.550" /><testcase classname="backend.tests.test_deja_brew.TestAuth" name="test_httponly_cookies_set" time="0.354" /><testcase classname="backend.tests.test_deja_brew.TestMenu" name="test_get_menu" time="0.190" /><testcase classname="backend.tests.test_deja_brew.TestMenu" name="test_create_menu_item" time="0.150"><failure message="TypeError: list indices must be integers or slices, not str">backend/tests/test_deja_brew.py:67: in test_create_menu_item
    assert data["name"] == "TEST_Espresso"
           ^^^^^^^^^^^^
E   TypeError: list indices must be integers or slices, not str</failure></testcase><testcase classname="backend.tests.test_deja_brew.TestWalkIns" name="test_get_walkins" time="0.161" /><testcase classname="backend.tests.test_deja_brew.TestWalkIns" name="test_create_walkin" time="0.145"><failure message="AttributeError: 'list' object has no attribute 'get'">backend/tests/test_deja_brew.py:86: in test_create_walkin
    assert data.get("customer_name") == "TEST_Customer" or data.get("id")
           ^^^^^^^^
E   AttributeError: 'list' object has no attribute 'get'</failure></testcase><testcase classname="backend.tests.test_deja_brew.TestFloat" name="test_get_float_today" time="0.053" /><testcase classname="backend.tests.test_deja_brew.TestFloat" name="test_get_float_list" time="0.161" /><testcase classname="backend.tests.test_deja_brew.TestInventory" name="test_get_inventory" time="0.152" /><testcase classname="backend.tests.test_deja_brew.TestInventory" name="test_create_inventory_item" time="0.147" /><testcase classname="backend.tests.test_deja_brew.TestDashboard" name="test_dashboard_stats" time="0.055" /><testcase classname="backend.tests.test_deja_brew.TestBilling" name="test_get_bills" time="0.157" /><testcase classname="backend.tests.test_deja_brew.TestBilling" name="test_create_bill" time="0.142"><skipped type="pytest.skip" message="No menu items available for billing test">/app/backend/tests/test_deja_brew.py:142: No menu items available for billing test</skipped></testcase><testcase classname="backend.tests.test_deja_brew.TestUsers" name="test_get_users" time="0.148" /></testsuite></testsuites>