<?xml version="1.0" encoding="utf-8"?><testsuites name="pytest tests"><testsuite name="pytest" errors="0" failures="0" skipped="0" tests="6" time="1.194" timestamp="2026-04-27T14:50:17.505583+00:00" hostname="agent-env-ed7b6466-6c42-4bca-a9a9-55298ca4a5cf"><testcase classname="backend.tests.test_customers_v11.TestCustomersEndpoint" name="test_get_customers_status" time="0.533" /><testcase classname="backend.tests.test_customers_v11.TestCustomersEndpoint" name="test_customer_shape" time="0.109" /><testcase classname="backend.tests.test_customers_v11.TestCustomersEndpoint" name="test_is_repeat_consistency" time="0.119" /><testcase classname="backend.tests.test_customers_v11.TestCustomersEndpoint" name="test_sorted_by_last_visit_desc" time="0.114" /><testcase classname="backend.tests.test_customers_v11.TestCustomersEndpoint" name="test_customers_require_auth" time="0.121" /><testcase classname="backend.tests.test_customers_v11.TestCustomersEndpoint" name="test_repeat_count_bounded" time="0.127" /></testsuite></testsuites>