<?xml version="1.0" encoding="utf-8"?><testsuites name="pytest tests"><testsuite name="pytest" errors="0" failures="0" skipped="0" tests="35" time="4.804" timestamp="2026-04-21T06:52:10.595393+00:00" hostname="agent-env-ed7b6466-6c42-4bca-a9a9-55298ca4a5cf"><testcase classname="backend.tests.test_deja_brew_v2.TestAuth" name="test_login_owner" time="0.438" /><testcase classname="backend.tests.test_deja_brew_v2.TestAuth" name="test_login_invalid" time="0.343" /><testcase classname="backend.tests.test_deja_brew_v2.TestAuth" name="test_me_requires_auth" time="0.114" /><testcase classname="backend.tests.test_deja_brew_v2.TestAuth" name="test_me_returns_user" time="0.382" /><testcase classname="backend.tests.test_deja_brew_v2.TestAuth" name="test_employee_cannot_register" time="0.663" /><testcase classname="backend.tests.test_deja_brew_v2.TestAuth" name="test_logout" time="0.391" /><testcase classname="backend.tests.test_deja_brew_v2.TestUsers" name="test_owner_lists_users" time="0.049" /><testcase classname="backend.tests.test_deja_brew_v2.TestUsers" name="test_employee_cannot_list_users" time="0.049" /><testcase classname="backend.tests.test_deja_brew_v2.TestInventory" name="test_list" time="0.050" /><testcase classname="backend.tests.test_deja_brew_v2.TestInventory" name="test_create_and_persist" time="0.096" /><testcase classname="backend.tests.test_deja_brew_v2.TestInventory" name="test_section_filter" time="0.045" /><testcase classname="backend.tests.test_deja_brew_v2.TestInventory" name="test_adjust_add" time="0.097" /><testcase classname="backend.tests.test_deja_brew_v2.TestInventory" name="test_adjust_reduce" time="0.093" /><testcase classname="backend.tests.test_deja_brew_v2.TestInventory" name="test_set_stock" time="0.094" /><testcase classname="backend.tests.test_deja_brew_v2.TestMenu" name="test_list_menu" time="0.044" /><testcase classname="backend.tests.test_deja_brew_v2.TestMenu" name="test_employee_cannot_create_menu" time="0.049" /><testcase classname="backend.tests.test_deja_brew_v2.TestMenu" name="test_owner_creates_menu" time="0.050" /><testcase classname="backend.tests.test_deja_brew_v2.TestRecipe" name="test_upsert_recipe" time="0.102" /><testcase classname="backend.tests.test_deja_brew_v2.TestBillingAndDeduction" name="test_create_bill_deducts_inventory" time="0.147" /><testcase classname="backend.tests.test_deja_brew_v2.TestBillingAndDeduction" name="test_void_restores_inventory_owner" time="0.097" /><testcase classname="backend.tests.test_deja_brew_v2.TestBillingAndDeduction" name="test_void_already_voided_returns_400" time="0.048" /><testcase classname="backend.tests.test_deja_brew_v2.TestBillingAndDeduction" name="test_employee_cannot_void" time="0.097" /><testcase classname="backend.tests.test_deja_brew_v2.TestBillingAndDeduction" name="test_cash_upi_split" time="0.057" /><testcase classname="backend.tests.test_deja_brew_v2.TestBillingAndDeduction" name="test_list_bills" time="0.050" /><testcase classname="backend.tests.test_deja_brew_v2.TestRoutines" name="test_create_execute_deducts" time="0.207" /><testcase classname="backend.tests.test_deja_brew_v2.TestRoutines" name="test_executions_list" time="0.047" /><testcase classname="backend.tests.test_deja_brew_v2.TestWalkIns" name="test_crud" time="0.143" /><testcase classname="backend.tests.test_deja_brew_v2.TestOnlineSales" name="test_platform_crud" time="0.106" /><testcase classname="backend.tests.test_deja_brew_v2.TestFloat" name="test_today_seed_opening_5200" time="0.045" /><testcase classname="backend.tests.test_deja_brew_v2.TestFloat" name="test_add_and_delete_expense" time="0.094" /><testcase classname="backend.tests.test_deja_brew_v2.TestFloat" name="test_history_owner_only" time="0.093" /><testcase classname="backend.tests.test_deja_brew_v2.TestBanking" name="test_employee_forbidden" time="0.052" /><testcase classname="backend.tests.test_deja_brew_v2.TestBanking" name="test_owner_crud" time="0.136" /><testcase classname="backend.tests.test_deja_brew_v2.TestDashboard" name="test_stats" time="0.071" /><testcase classname="backend.tests.test_deja_brew_v2.TestDashboard" name="test_analytics_custom_range" time="0.060" /></testsuite></testsuites>