<?xml version="1.0" encoding="utf-8"?><testsuites name="pytest tests"><testsuite name="pytest" errors="0" failures="0" skipped="0" tests="9" time="1.863" timestamp="2026-04-21T07:37:14.656766+00:00" hostname="agent-env-ed7b6466-6c42-4bca-a9a9-55298ca4a5cf"><testcase classname="backend.tests.test_v5_banking_purchases.TestEmployeeBanking" name="test_employee_can_post_banking" time="0.532" /><testcase classname="backend.tests.test_v5_banking_purchases.TestEmployeeBanking" name="test_employee_can_get_banking" time="0.054" /><testcase classname="backend.tests.test_v5_banking_purchases.TestEmployeeBanking" name="test_employee_can_get_all_banking" time="0.056" /><testcase classname="backend.tests.test_v5_banking_purchases.TestEmployeeBanking" name="test_owner_can_also_get_banking" time="0.382" /><testcase classname="backend.tests.test_v5_banking_purchases.TestEmployeeBanking" name="test_employee_can_delete_banking" time="0.176" /><testcase classname="backend.tests.test_v5_banking_purchases.TestEmployeeBanking" name="test_unauthenticated_blocked" time="0.120" /><testcase classname="backend.tests.test_v5_banking_purchases.TestEmployeeBanking" name="test_cleanup" time="0.049" /><testcase classname="backend.tests.test_v5_banking_purchases.TestSeedFloatExpenses" name="test_get_history" time="0.046" /><testcase classname="backend.tests.test_v5_banking_purchases.TestSeedFloatExpenses" name="test_seed_multi_category_expenses_today" time="0.364" /></testsuite></testsuites>