<?xml version="1.0" encoding="utf-8"?><testsuites name="pytest tests"><testsuite name="pytest" errors="0" failures="0" skipped="0" tests="13" time="3.207" timestamp="2026-04-23T12:19:46.472595+00:00" hostname="agent-env-ed7b6466-6c42-4bca-a9a9-55298ca4a5cf"><testcase classname="backend.tests.test_delta_v6.TestFloatOpening" name="test_float_today_opening_5300" time="0.597" /><testcase classname="backend.tests.test_delta_v6.TestMiscPayments" name="test_create_misc_payment_no_date_defaults_today" time="0.172" /><testcase classname="backend.tests.test_delta_v6.TestMiscPayments" name="test_list_by_date_includes_created" time="0.103" /><testcase classname="backend.tests.test_delta_v6.TestMiscPayments" name="test_list_all_returns_sorted_desc" time="0.124" /><testcase classname="backend.tests.test_delta_v6.TestMiscPayments" name="test_create_with_custom_date" time="0.243" /><testcase classname="backend.tests.test_delta_v6.TestMiscPayments" name="test_delete_misc_payment" time="0.232" /><testcase classname="backend.tests.test_delta_v6.TestMiscPayments" name="test_requires_auth" time="0.100" /><testcase classname="backend.tests.test_delta_v6.TestInventoryNoCostPerUnit" name="test_create_inventory_without_cost_per_unit" time="0.261" /><testcase classname="backend.tests.test_delta_v6.TestBankingBackdated" name="test_banking_post_with_backdate" time="0.380" /><testcase classname="backend.tests.test_delta_v6.TestBankingBackdated" name="test_banking_post_without_date_defaults_today" time="0.244" /><testcase classname="backend.tests.test_delta_v6.TestVoidRemoved" name="test_void_endpoint_returns_404" time="0.115" /><testcase classname="backend.tests.test_delta_v6.TestWalkinsInline" name="test_walkin_post" time="0.245" /><testcase classname="backend.tests.test_delta_v6.TestBillCreateRegression" name="test_bill_create_still_works" time="0.222" /></testsuite></testsuites>