<?xml version="1.0" encoding="utf-8"?><testsuites name="pytest tests"><testsuite name="pytest" errors="0" failures="0" skipped="0" tests="8" time="3.247" timestamp="2026-04-23T13:06:08.431555+00:00" hostname="agent-env-ed7b6466-6c42-4bca-a9a9-55298ca4a5cf"><testcase classname="backend.tests.test_delta_v7" name="test_float_opening_5300" time="0.496" /><testcase classname="backend.tests.test_delta_v7" name="test_edit_bill_rebalances_inventory" time="1.338" /><testcase classname="backend.tests.test_delta_v7" name="test_edit_bill_404_on_unknown" time="0.110" /><testcase classname="backend.tests.test_delta_v7" name="test_void_endpoint_removed" time="0.218" /><testcase classname="backend.tests.test_delta_v7" name="test_walkin_still_works" time="0.101" /><testcase classname="backend.tests.test_delta_v7" name="test_inventory_without_cost_per_unit" time="0.199" /><testcase classname="backend.tests.test_delta_v7" name="test_banking_backdated" time="0.233" /><testcase classname="backend.tests.test_delta_v7" name="test_misc_payments_crud" time="0.474" /></testsuite></testsuites>