<?xml version="1.0" encoding="utf-8"?><testsuites name="pytest tests"><testsuite name="pytest" errors="0" failures="0" skipped="0" tests="3" time="1.200" timestamp="2026-04-27T04:57:42.115735+00:00" hostname="agent-env-ed7b6466-6c42-4bca-a9a9-55298ca4a5cf"><testcase classname="backend.tests.test_delta_v8" name="test_post_bill_minimal" time="0.647" /><testcase classname="backend.tests.test_delta_v8" name="test_misc_payment_create_and_delete" time="0.216" /><testcase classname="backend.tests.test_delta_v8" name="test_float_expenses_today_and_history" time="0.214" /></testsuite></testsuites>